<?xml version="1.0" encoding="UTF-8"?>
<testng-results skipped="0" failed="0" ignored="0" total="1" passed="1">
  <reporter-output>
  </reporter-output>
  <suite name="Default suite" duration-ms="29307" started-at="2018-06-19T16:55:59Z" finished-at="2018-06-19T16:56:28Z">
    <groups>
    </groups>
    <test name="Default test" duration-ms="29307" started-at="2018-06-19T16:55:59Z" finished-at="2018-06-19T16:56:28Z">
      <class name="com.Test.Register">
        <test-method status="PASS" signature="setup()[pri:0, instance:com.Test.Register@f2b07d]" name="setup" is-config="true" duration-ms="23989" started-at="2018-06-19T16:55:59Z" finished-at="2018-06-19T16:56:23Z">
          <reporter-output>
          </reporter-output>
        </test-method> <!-- setup -->
        <test-method status="PASS" signature="verifyRegister()[pri:0, instance:com.Test.Register@f2b07d]" name="verifyRegister" duration-ms="5121" started-at="2018-06-19T16:56:23Z" finished-at="2018-06-19T16:56:28Z">
          <reporter-output>
          </reporter-output>
        </test-method> <!-- verifyRegister -->
      </class> <!-- com.Test.Register -->
    </test> <!-- Default test -->
  </suite> <!-- Default suite -->
</testng-results>
