<?xml version="1.0" encoding="UTF-8"?>
<!-- Generated by org.testng.reporters.JUnitXMLReporter -->
<testsuite hostname="nani566" ignored="2" name="Sanity" tests="3" failures="0" timestamp="07 Jun 2018 10:27:00 GMT" time="12.597" errors="0">
  <testcase name="verifyRegister" time="2.341" classname="com.Test.Register"/>
  <testcase name="verifylogin" time="1.043" classname="com.Test.Login"/>
  <testcase name="verifyAddAd" time="2.344" classname="com.Test.AddAd"/>
  <testcase name="@BeforeTest setup" time="0.0" classname="com.Base.BaseSetup">
    <ignored/>
  </testcase> <!-- @BeforeTest setup -->
  <testcase name="@BeforeTest setup" time="0.0" classname="com.Base.BaseSetup">
    <ignored/>
  </testcase> <!-- @BeforeTest setup -->
</testsuite> <!-- Sanity -->
