<?xml version="1.0" encoding="UTF-8"?>
<testng-results skipped="0" failed="0" ignored="0" total="1" passed="1">
  <reporter-output>
  </reporter-output>
  <suite name="Default suite" duration-ms="56" started-at="2018-06-18T05:24:15Z" finished-at="2018-06-18T05:24:15Z">
    <groups>
    </groups>
    <test name="Default test" duration-ms="56" started-at="2018-06-18T05:24:15Z" finished-at="2018-06-18T05:24:15Z">
      <class name="com.Test10.TestSample">
        <test-method status="PASS" signature="suit()[pri:0, instance:com.Test10.TestSample@13f88ab]" name="suit" is-config="true" duration-ms="58" started-at="2018-06-18T05:24:15Z" finished-at="2018-06-18T05:24:15Z">
          <reporter-output>
          </reporter-output>
        </test-method> <!-- suit -->
        <test-method status="PASS" signature="after()[pri:0, instance:com.Test10.TestSample@13f88ab]" name="after" is-config="true" duration-ms="1" started-at="2018-06-18T05:24:15Z" finished-at="2018-06-18T05:24:15Z">
          <reporter-output>
          </reporter-output>
        </test-method> <!-- after -->
        <test-method status="PASS" signature="before()[pri:0, instance:com.Test10.TestSample@13f88ab]" name="before" is-config="true" duration-ms="1" started-at="2018-06-18T05:24:15Z" finished-at="2018-06-18T05:24:15Z">
          <reporter-output>
          </reporter-output>
        </test-method> <!-- before -->
        <test-method status="PASS" signature="Simple()[pri:0, instance:com.Test10.TestSample@13f88ab]" name="Simple" duration-ms="10" started-at="2018-06-18T05:24:15Z" finished-at="2018-06-18T05:24:15Z">
          <reporter-output>
          </reporter-output>
        </test-method> <!-- Simple -->
        <test-method status="PASS" signature="Aftere()[pri:0, instance:com.Test10.TestSample@13f88ab]" name="Aftere" is-config="true" duration-ms="0" started-at="2018-06-18T05:24:15Z" finished-at="2018-06-18T05:24:15Z">
          <reporter-output>
          </reporter-output>
        </test-method> <!-- Aftere -->
        <test-method status="PASS" signature="afterclass()[pri:0, instance:com.Test10.TestSample@13f88ab]" name="afterclass" is-config="true" duration-ms="0" started-at="2018-06-18T05:24:15Z" finished-at="2018-06-18T05:24:15Z">
          <reporter-output>
          </reporter-output>
        </test-method> <!-- afterclass -->
        <test-method status="PASS" signature="suite()[pri:0, instance:com.Test10.TestSample@13f88ab]" name="suite" is-config="true" duration-ms="1" started-at="2018-06-18T05:24:15Z" finished-at="2018-06-18T05:24:15Z">
          <reporter-output>
          </reporter-output>
        </test-method> <!-- suite -->
      </class> <!-- com.Test10.TestSample -->
    </test> <!-- Default test -->
  </suite> <!-- Default suite -->
</testng-results>
