<?xml version="1.0" encoding="UTF-8"?>
<testng-results skipped="0" failed="0" ignored="0" total="1" passed="1">
  <reporter-output>
  </reporter-output>
  <suite name="Default suite" duration-ms="16879" started-at="2018-06-27T04:55:19Z" finished-at="2018-06-27T04:55:36Z">
    <groups>
    </groups>
    <test name="Default test" duration-ms="16879" started-at="2018-06-27T04:55:19Z" finished-at="2018-06-27T04:55:36Z">
      <class name="com.PageOfModel.NewToursHHomePageTesting">
        <test-method status="PASS" signature="Setup()[pri:0, instance:com.PageOfModel.NewToursHHomePageTesting@1c7e1bb]" name="Setup" is-config="true" duration-ms="7996" started-at="2018-06-27T04:55:19Z" finished-at="2018-06-27T04:55:27Z">
          <reporter-output>
          </reporter-output>
        </test-method> <!-- Setup -->
        <test-method status="PASS" signature="HomePageTesting()[pri:0, instance:com.PageOfModel.NewToursHHomePageTesting@1c7e1bb]" name="HomePageTesting" duration-ms="8843" started-at="2018-06-27T04:55:27Z" finished-at="2018-06-27T04:55:36Z">
          <reporter-output>
          </reporter-output>
        </test-method> <!-- HomePageTesting -->
      </class> <!-- com.PageOfModel.NewToursHHomePageTesting -->
    </test> <!-- Default test -->
  </suite> <!-- Default suite -->
</testng-results>
